0 info it worked if it ends with ok
1 verbose cli [ '/home/chidow/.nvm/versions/node/v4.4.1/bin/node',
1 verbose cli   '/home/chidow/.nvm/versions/node/v4.4.1/bin/npm',
1 verbose cli   'run',
1 verbose cli   'build' ]
2 info using npm@3.8.3
3 info using node@v4.4.1
4 verbose run-script [ 'prebuild', 'build', 'postbuild' ]
5 info lifecycle @~prebuild: @
6 silly lifecycle @~prebuild: no script for prebuild, continuing
7 info lifecycle @~build: @
8 verbose lifecycle @~build: unsafe-perm in lifecycle true
9 verbose lifecycle @~build: PATH: /home/chidow/.nvm/versions/node/v4.4.1/lib/node_modules/npm/bin/node-gyp-bin:/opt/lampp/htdocs/wpOOW/wp-content/plugins/wpoowbookreviewer/wpAPI/website/node_modules/.bin:/home/chidow/.nvm/versions/node/v4.4.1/bin:/home/chidow/.nvm/versions/node/v4.4.1/bin:/home/chidow/.pythonz/bin:/usr/lib/jvm/java-8-oracle/bin:/usr/local/sbin:/usr/local/bin:/usr/sbin:/usr/bin:/sbin:/bin:/usr/games:/usr/local/games:/snap/bin:/usr/lib/jvm/java-8-oracle/bin:/usr/lib/jvm/java-8-oracle/db/bin:/usr/lib/jvm/java-8-oracle/jre/bin:/usr/lib/jvm/java-8-oracle/bin:/usr/lib/jvm/java-8-oracle/db/bin:/usr/lib/jvm/java-8-oracle/jre/bin:/home/chidow/work/svn/utilcode/gitscripts:/home/chidow/Android/Sdk/tools:/home/chidow/Android/Sdk/platform-tools:/opt/mssql-tools/bin
10 verbose lifecycle @~build: CWD: /opt/lampp/htdocs/wpOOW/wp-content/plugins/wpoowbookreviewer/wpAPI/website
11 silly lifecycle @~build: Args: [ '-c', 'docusaurus-build' ]
12 silly lifecycle @~build: Returned: code: 1  signal: null
13 info lifecycle @~build: Failed to exec build script
14 verbose stack Error: @ build: `docusaurus-build`
14 verbose stack Exit status 1
14 verbose stack     at EventEmitter.<anonymous> (/home/chidow/.nvm/versions/node/v4.4.1/lib/node_modules/npm/lib/utils/lifecycle.js:239:16)
14 verbose stack     at emitTwo (events.js:87:13)
14 verbose stack     at EventEmitter.emit (events.js:172:7)
14 verbose stack     at ChildProcess.<anonymous> (/home/chidow/.nvm/versions/node/v4.4.1/lib/node_modules/npm/lib/utils/spawn.js:24:14)
14 verbose stack     at emitTwo (events.js:87:13)
14 verbose stack     at ChildProcess.emit (events.js:172:7)
14 verbose stack     at maybeClose (internal/child_process.js:827:16)
14 verbose stack     at Process.ChildProcess._handle.onexit (internal/child_process.js:211:5)
15 verbose pkgid @
16 verbose cwd /opt/lampp/htdocs/wpOOW/wp-content/plugins/wpoowbookreviewer/wpAPI/website
17 error Linux 4.15.0-34-generic
18 error argv "/home/chidow/.nvm/versions/node/v4.4.1/bin/node" "/home/chidow/.nvm/versions/node/v4.4.1/bin/npm" "run" "build"
19 error node v4.4.1
20 error npm  v3.8.3
21 error code ELIFECYCLE
22 error @ build: `docusaurus-build`
22 error Exit status 1
23 error Failed at the @ build script 'docusaurus-build'.
23 error Make sure you have the latest version of node.js and npm installed.
23 error If you do, this is most likely a problem with the  package,
23 error not with npm itself.
23 error Tell the author that this fails on your system:
23 error     docusaurus-build
23 error You can get information on how to open an issue for this project with:
23 error     npm bugs
23 error Or if that isn't available, you can get their info via:
23 error     npm owner ls
23 error There is likely additional logging output above.
24 verbose exit [ 1, true ]
